# JRE version: Java(TM) SE Runtime Environment (8.0_40-b26) (build 1.8.0_40-b26)
# Java VM: Java HotSpot(TM) Client VM (25.40-b25 mixed mode, sharing windows-x86 )
Heap:
 def new generation   total 4928K, used 2285K [0x04800000, 0x04d50000, 0x09d50000)
  eden space 4416K,  40% used [0x04800000, 0x049bb7b0, 0x04c50000)
  from space 512K, 100% used [0x04cd0000, 0x04d50000, 0x04d50000)
  to   space 512K,   0% used [0x04c50000, 0x04c50000, 0x04cd0000)
 tenured generation   total 10944K, used 5788K [0x09d50000, 0x0a800000, 0x14800000)
   the space 10944K,  52% used [0x09d50000, 0x0a2f7228, 0x0a2f7400, 0x0a800000)
 Metaspace       used 4059K, capacity 4294K, committed 4416K, reserved 4480K
GC Heap History (10 events):
Event: 100.491 GC heap before
{Heap before GC invocations=2 (full 0):
 def new generation   total 4928K, used 4928K [0x04800000, 0x04d50000, 0x09d50000)
  eden space 4416K, 100% used [0x04800000, 0x04c50000, 0x04c50000)
  from space 512K, 100% used [0x04c50000, 0x04cd0000, 0x04cd0000)
  to   space 512K,   0% used [0x04cd0000, 0x04cd0000, 0x04d50000)
 tenured generation   total 10944K, used 2353K [0x09d50000, 0x0a800000, 0x14800000)
   the space 10944K,  21% used [0x09d50000, 0x09f9c4c8, 0x09f9c600, 0x0a800000)
 Metaspace       used 2377K, capacity 2618K, committed 2624K, reserved 4480K
Event: 100.495 GC heap after
Heap after GC invocations=3 (full 0):
 def new generation   total 4928K, used 279K [0x04800000, 0x04d50000, 0x09d50000)
  eden space 4416K,   0% used [0x04800000, 0x04800000, 0x04c50000)
  from space 512K,  54% used [0x04cd0000, 0x04d15fc8, 0x04d50000)
  to   space 512K,   0% used [0x04c50000, 0x04c50000, 0x04cd0000)
 tenured generation   total 10944K, used 2843K [0x09d50000, 0x0a800000, 0x14800000)
   the space 10944K,  25% used [0x09d50000, 0x0a016d40, 0x0a016e00, 0x0a800000)
 Metaspace       used 2377K, capacity 2618K, committed 2624K, reserved 4480K
}
Event: 126.021 GC heap before
{Heap before GC invocations=3 (full 0):
 def new generation   total 4928K, used 4695K [0x04800000, 0x04d50000, 0x09d50000)
  eden space 4416K, 100% used [0x04800000, 0x04c50000, 0x04c50000)
  from space 512K,  54% used [0x04cd0000, 0x04d15fc8, 0x04d50000)
  to   space 512K,   0% used [0x04c50000, 0x04c50000, 0x04cd0000)
 tenured generation   total 10944K, used 2843K [0x09d50000, 0x0a800000, 0x14800000)
   the space 10944K,  25% used [0x09d50000, 0x0a016d40, 0x0a016e00, 0x0a800000)
 Metaspace       used 2825K, capacity 3017K, committed 3136K, reserved 4480K
Event: 126.025 GC heap after
Heap after GC invocations=4 (full 0):
 def new generation   total 4928K, used 480K [0x04800000, 0x04d50000, 0x09d50000)
  eden space 4416K,   0% used [0x04800000, 0x04800000, 0x04c50000)
  from space 512K,  93% used [0x04c50000, 0x04cc81e8, 0x04cd0000)
  to   space 512K,   0% used [0x04cd0000, 0x04cd0000, 0x04d50000)
 tenured generation   total 10944K, used 3951K [0x09d50000, 0x0a800000, 0x14800000)
   the space 10944K,  36% used [0x09d50000, 0x0a12bd98, 0x0a12be00, 0x0a800000)
 Metaspace       used 2825K, capacity 3017K, committed 3136K, reserved 4480K
}
Event: 329.831 GC heap before
{Heap before GC invocations=4 (full 0):
 def new generation   total 4928K, used 4896K [0x04800000, 0x04d50000, 0x09d50000)
  eden space 4416K, 100% used [0x04800000, 0x04c50000, 0x04c50000)
  from space 512K,  93% used [0x04c50000, 0x04cc81e8, 0x04cd0000)
  to   space 512K,   0% used [0x04cd0000, 0x04cd0000, 0x04d50000)
 tenured generation   total 10944K, used 3951K [0x09d50000, 0x0a800000, 0x14800000)
   the space 10944K,  36% used [0x09d50000, 0x0a12bd98, 0x0a12be00, 0x0a800000)
 Metaspace       used 2894K, capacity 3124K, committed 3136K, reserved 4480K
Event: 329.835 GC heap after
Heap after GC invocations=5 (full 0):
 def new generation   total 4928K, used 388K [0x04800000, 0x04d50000, 0x09d50000)
  eden space 4416K,   0% used [0x04800000, 0x04800000, 0x04c50000)
  from space 512K,  75% used [0x04cd0000, 0x04d31268, 0x04d50000)
  to   space 512K,   0% used [0x04c50000, 0x04c50000, 0x04cd0000)
 tenured generation   total 10944K, used 4219K [0x09d50000, 0x0a800000, 0x14800000)
   the space 10944K,  38% used [0x09d50000, 0x0a16efd8, 0x0a16f000, 0x0a800000)
 Metaspace       used 2894K, capacity 3124K, committed 3136K, reserved 4480K
}
Event: 403.302 GC heap before
{Heap before GC invocations=5 (full 0):
 def new generation   total 4928K, used 4804K [0x04800000, 0x04d50000, 0x09d50000)
  eden space 4416K, 100% used [0x04800000, 0x04c50000, 0x04c50000)
  from space 512K,  75% used [0x04cd0000, 0x04d31268, 0x04d50000)
  to   space 512K,   0% used [0x04c50000, 0x04c50000, 0x04cd0000)
 tenured generation   total 10944K, used 4219K [0x09d50000, 0x0a800000, 0x14800000)
   the space 10944K,  38% used [0x09d50000, 0x0a16efd8, 0x0a16f000, 0x0a800000)
 Metaspace       used 3369K, capacity 3617K, committed 3648K, reserved 4480K
Event: 403.305 GC heap after
Heap after GC invocations=6 (full 0):
 def new generation   total 4928K, used 512K [0x04800000, 0x04d50000, 0x09d50000)
  eden space 4416K,   0% used [0x04800000, 0x04800000, 0x04c50000)
  from space 512K, 100% used [0x04c50000, 0x04cd0000, 0x04cd0000)
  to   space 512K,   0% used [0x04cd0000, 0x04cd0000, 0x04d50000)
 tenured generation   total 10944K, used 4705K [0x09d50000, 0x0a800000, 0x14800000)
   the space 10944K,  42% used [0x09d50000, 0x0a1e8710, 0x0a1e8800, 0x0a800000)
 Metaspace       used 3369K, capacity 3617K, committed 3648K, reserved 4480K
}
Event: 403.493 GC heap before
{Heap before GC invocations=6 (full 0):
 def new generation   total 4928K, used 4927K [0x04800000, 0x04d50000, 0x09d50000)
  eden space 4416K,  99% used [0x04800000, 0x04c4fde0, 0x04c50000)
  from space 512K, 100% used [0x04c50000, 0x04cd0000, 0x04cd0000)
  to   space 512K,   0% used [0x04cd0000, 0x04cd0000, 0x04d50000)
 tenured generation   total 10944K, used 4705K [0x09d50000, 0x0a800000, 0x14800000)
   the space 10944K,  42% used [0x09d50000, 0x0a1e8710, 0x0a1e8800, 0x0a800000)
 Metaspace       used 4010K, capacity 4262K, committed 4288K, reserved 4480K
Event: 403.497 GC heap after
Heap after GC invocations=7 (full 0):
 def new generation   total 4928K, used 512K [0x04800000, 0x04d50000, 0x09d50000)
  eden space 4416K,   0% used [0x04800000, 0x04800000, 0x04c50000)
  from space 512K, 100% used [0x04cd0000, 0x04d50000, 0x04d50000)
  to   space 512K,   0% used [0x04c50000, 0x04c50000, 0x04cd0000)
 tenured generation   total 10944K, used 5788K [0x09d50000, 0x0a800000, 0x14800000)
   the space 10944K,  52% used [0x09d50000, 0x0a2f7228, 0x0a2f7400, 0x0a800000)
 Metaspace       used 4010K, capacity 4262K, committed 4288K, reserved 4480K
}

